[debug] [2023-08-12T06:02:45.336Z] ----------------------------------------------------------------------
[debug] [2023-08-12T06:02:45.341Z] Command:       C:\Program Files\nodejs\node.exe C:\Users\anda\AppData\Roaming\npm\node_modules\firebase-tools\lib\bin\firebase.js init
[debug] [2023-08-12T06:02:45.342Z] CLI Version:   12.4.7
[debug] [2023-08-12T06:02:45.343Z] Platform:      win32
[debug] [2023-08-12T06:02:45.344Z] Node Version:  v18.12.1
[debug] [2023-08-12T06:02:45.346Z] Time:          Sat Aug 12 2023 13:02:45 GMT+0700 (เวลาอินโดจีน)
[debug] [2023-08-12T06:02:45.347Z] ----------------------------------------------------------------------
[debug] 
[debug] [2023-08-12T06:02:45.366Z] > command requires scopes: ["email","openid","https://www.googleapis.com/auth/cloudplatformprojects.readonly","https://www.googleapis.com/auth/firebase","https://www.googleapis.com/auth/cloud-platform"]
[debug] [2023-08-12T06:02:45.368Z] > authorizing via signed-in user (coverblack12345@gmail.com)
[info] 
     ######## #### ########  ######## ########     ###     ######  ########
     ##        ##  ##     ## ##       ##     ##  ##   ##  ##       ##
     ######    ##  ########  ######   ########  #########  ######  ######
     ##        ##  ##    ##  ##       ##     ## ##     ##       ## ##
     ##       #### ##     ## ######## ########  ##     ##  ######  ########

You're about to initialize a Firebase project in this directory:

  D:\MyProjects\Hackerfinder

[info] 
=== Project Setup
[info] 
[info] First, let's associate this project directory with a Firebase project.
[info] You can create multiple project aliases by running firebase use --add, 
[info] but for now we'll just set up a default project.
[info] 
[debug] [2023-08-12T06:04:37.780Z] > refreshing access token with scopes: []
[debug] [2023-08-12T06:04:37.785Z] >>> [apiv2][query] POST https://www.googleapis.com/oauth2/v3/token [none]
[debug] [2023-08-12T06:04:37.785Z] >>> [apiv2][body] POST https://www.googleapis.com/oauth2/v3/token [omitted]
[debug] [2023-08-12T06:04:38.142Z] <<< [apiv2][status] POST https://www.googleapis.com/oauth2/v3/token 200
[debug] [2023-08-12T06:04:38.143Z] <<< [apiv2][body] POST https://www.googleapis.com/oauth2/v3/token [omitted]
[debug] [2023-08-12T06:04:38.217Z] >>> [apiv2][query] GET https://firebase.googleapis.com/v1beta1/projects pageSize=100
[debug] [2023-08-12T06:04:39.129Z] <<< [apiv2][status] GET https://firebase.googleapis.com/v1beta1/projects 200
[debug] [2023-08-12T06:04:39.130Z] <<< [apiv2][body] GET https://firebase.googleapis.com/v1beta1/projects [omitted]
[info] i  Using project it-21c7d (secureit) 
[info] 
=== Hosting Setup
[info] 
[info] Your public directory is the folder (relative to your project directory) that
[info] will contain Hosting assets to be uploaded with firebase deploy. If you
[info] have a build process for your assets, use your build's output directory.
[info] 
[debug] [2023-08-12T06:05:08.106Z] >>> [apiv2][query] GET https://www.gstatic.com/firebasejs/releases.json [none]
[debug] [2023-08-12T06:05:08.282Z] <<< [apiv2][status] GET https://www.gstatic.com/firebasejs/releases.json 200
[debug] [2023-08-12T06:05:08.284Z] <<< [apiv2][body] GET https://www.gstatic.com/firebasejs/releases.json {"current":{"version":"10.1.0","browserURL":"https://www.gstatic.com/firebasejs/10.1.0/firebase.js","packageURL":"https://www.gstatic.com/firebasejs/10.1.0/firebase.tgz"},"live":{"version":"10.1","browserURL":"https://www.gstatic.com/firebasejs/live/10.1/firebase.js","packageURL":"https://www.gstatic.com/firebasejs/live/10.1/firebase.tgz"},"components":{"analytics":"https://www.gstatic.com/firebasejs/10.1.0/firebase-analytics.js","app":"https://www.gstatic.com/firebasejs/10.1.0/firebase-app.js","app-check":"https://www.gstatic.com/firebasejs/10.1.0/firebase-app-check.js","auth":"https://www.gstatic.com/firebasejs/10.1.0/firebase-auth.js","auth/cordova":"https://www.gstatic.com/firebasejs/10.1.0/firebase-auth/cordova.js","functions":"https://www.gstatic.com/firebasejs/10.1.0/firebase-functions.js","firestore":"https://www.gstatic.com/firebasejs/10.1.0/firebase-firestore.js","firestore/lite":"https://www.gstatic.com/firebasejs/10.1.0/firebase-firestore/lite.js","installations":"https://www.gstatic.com/firebasejs/10.1.0/firebase-installations.js","storage":"https://www.gstatic.com/firebasejs/10.1.0/firebase-storage.js","performance":"https://www.gstatic.com/firebasejs/10.1.0/firebase-performance.js","remote-config":"https://www.gstatic.com/firebasejs/10.1.0/firebase-remote-config.js","messaging":"https://www.gstatic.com/firebasejs/10.1.0/firebase-messaging.js","messaging/sw":"https://www.gstatic.com/firebasejs/10.1.0/firebase-messaging/sw.js","database":"https://www.gstatic.com/firebasejs/10.1.0/firebase-database.js","firestore.memory":"https://www.gstatic.com/firebasejs/10.1.0/firebase-firestore.memory.js"}}
[info] +  Wrote public/index.html 
[info] 
[info] i  Didn't detect a .git folder. Assuming D:\MyProjects\Hackerfinder is the project root. 
[info] i  Authorizing with GitHub to upload your service account to a GitHub repository's secrets store. 
[info] 
[info] Visit this URL on this device to log in:
[info] https://github.com/login/oauth/authorize?client_id=89cf50f02ac6aaed3484&state=915163781&redirect_uri=http%3A%2F%2Flocalhost%3A9005&scope=read%3Auser%20repo%20public_repo
[info] 
[info] Waiting for authentication...
[debug] [2023-08-12T06:05:10.130Z] >>> [apiv2][query] POST https://github.com/login/oauth/access_token [none]
[debug] [2023-08-12T06:05:10.130Z] >>> [apiv2][body] POST https://github.com/login/oauth/access_token [stream]
[debug] [2023-08-12T06:05:10.609Z] <<< [apiv2][status] POST https://github.com/login/oauth/access_token 200
[debug] [2023-08-12T06:05:10.610Z] <<< [apiv2][body] POST https://github.com/login/oauth/access_token {"access_token":"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","token_type":"bearer","scope":"read:user,repo"}
[debug] [2023-08-12T06:05:10.637Z] >>> [apiv2][query] GET https://api.github.com/user [none]
[debug] [2023-08-12T06:05:11.165Z] <<< [apiv2][status] GET https://api.github.com/user 200
[debug] [2023-08-12T06:05:11.166Z] <<< [apiv2][body] GET https://api.github.com/user {"login":"Mikku44","id":104062911,"node_id":"U_kgDOBjPfvw","avatar_url":"https://avatars.githubusercontent.com/u/104062911?v=4","gravatar_id":"","url":"https://api.github.com/users/Mikku44","html_url":"https://github.com/Mikku44","followers_url":"https://api.github.com/users/Mikku44/followers","following_url":"https://api.github.com/users/Mikku44/following{/other_user}","gists_url":"https://api.github.com/users/Mikku44/gists{/gist_id}","starred_url":"https://api.github.com/users/Mikku44/starred{/owner}{/repo}","subscriptions_url":"https://api.github.com/users/Mikku44/subscriptions","organizations_url":"https://api.github.com/users/Mikku44/orgs","repos_url":"https://api.github.com/users/Mikku44/repos","events_url":"https://api.github.com/users/Mikku44/events{/privacy}","received_events_url":"https://api.github.com/users/Mikku44/received_events","type":"User","site_admin":false,"name":null,"company":null,"blog":"","location":null,"email":null,"hireable":null,"bio":null,"twitter_username":null,"public_repos":9,"public_gists":0,"followers":0,"following":0,"created_at":"2022-04-20T08:28:31Z","updated_at":"2023-08-12T05:59:40Z","private_gists":0,"total_private_repos":1,"owned_private_repos":1,"disk_usage":83085,"collaborators":0,"two_factor_authentication":false,"plan":{"name":"free","space":976562499,"collaborators":0,"private_repos":10000}}
[info] 
[info] +  Success! Logged into GitHub as Mikku44 
[info] 
[debug] [2023-08-12T06:05:21.953Z] >>> [apiv2][query] GET https://api.github.com/repos//actions/secrets/public-key type=owner
[debug] [2023-08-12T06:05:22.441Z] <<< [apiv2][status] GET https://api.github.com/repos//actions/secrets/public-key 404
[debug] [2023-08-12T06:05:22.442Z] <<< [apiv2][body] GET https://api.github.com/repos//actions/secrets/public-key {"message":"Not Found","documentation_url":"https://docs.github.com/rest"}
[info] 
[info] 
[error] !  The provided authorization cannot be used with this repository. If this repository is in an organization, did you remember to grant access? 
[info] 
[info] i  Action required: Visit this URL to ensure access has been granted to the appropriate organization(s) for the Firebase CLI GitHub OAuth App: 
[info] https://github.com/settings/connections/applications/89cf50f02ac6aaed3484
[info] 
[debug] [2023-08-12T06:05:24.694Z] >>> [apiv2][query] GET https://api.github.com/repos//actions/secrets/public-key type=owner
[debug] [2023-08-12T06:05:25.132Z] <<< [apiv2][status] GET https://api.github.com/repos//actions/secrets/public-key 404
[debug] [2023-08-12T06:05:25.133Z] <<< [apiv2][body] GET https://api.github.com/repos//actions/secrets/public-key {"message":"Not Found","documentation_url":"https://docs.github.com/rest"}
[info] 
[info] 
[error] !  The provided authorization cannot be used with this repository. If this repository is in an organization, did you remember to grant access? 
[info] 
[info] i  Action required: Visit this URL to ensure access has been granted to the appropriate organization(s) for the Firebase CLI GitHub OAuth App: 
[info] https://github.com/settings/connections/applications/89cf50f02ac6aaed3484
[info] 
